<?xml version="1.0" encoding="UTF-8"?>
<!-- Generated by org.testng.reporters.JUnitReportReporter -->
<testsuite hostname="Nilisha" failures="0" tests="1" name="qa.Test.ProfileTestcase" time="11.194" errors="0" timestamp="2023-06-13T12:33:28 IST" skipped="0">
  <testcase classname="qa.Test.ProfileTestcase" name="profileDetalis" time="11.194"/>
  <system-out/>
</testsuite> <!-- qa.Test.ProfileTestcase -->
