<?xml version="1.0" encoding="UTF-8"?>
<!-- Generated by org.testng.reporters.JUnitReportReporter -->
<testsuite hostname="Nilisha" failures="0" tests="1" name="qa.Test.PackageSubscriptionTestcase" time="5.401" errors="0" timestamp="2023-06-09T10:36:50 IST" skipped="0">
  <testcase classname="qa.Test.PackageSubscriptionTestcase" name="subscriptionDetails" time="5.401"/>
  <system-out/>
</testsuite> <!-- qa.Test.PackageSubscriptionTestcase -->
