<?xml version="1.0" encoding="UTF-8"?>
<!-- Generated by org.testng.reporters.JUnitReportReporter -->
<testsuite hostname="Ritvij" failures="0" tests="1" name="jobportal_Base.SignUp" time="19.150" errors="0" timestamp="2023-06-09T10:37:33 IST" skipped="0">
  <testcase classname="jobportal_Base.SignUp" name="signup" time="19.150"/>
  <system-out/>
</testsuite> <!-- jobportal_Base.SignUp -->
