<?xml version="1.0" encoding="UTF-8"?>
<!-- Generated by org.testng.reporters.JUnitReportReporter -->
<testsuite hostname="Ritvij" failures="0" tests="1" name="jobportal_Base.JobPortal_PostJob" time="18.559" errors="0" timestamp="2023-05-31T12:36:40 IST" skipped="0">
  <testcase classname="jobportal_Base.JobPortal_PostJob" name="Postajob" time="18.559"/>
  <system-out/>
</testsuite> <!-- jobportal_Base.JobPortal_PostJob -->
