<?xml version="1.0" encoding="UTF-8"?>
<!-- Generated by org.testng.reporters.JUnitReportReporter -->
<testsuite hostname="Nilisha" failures="0" tests="1" name="qa.Test.LoginPageTestcase" time="12.681" errors="0" timestamp="2023-06-13T12:49:27 IST" skipped="0">
  <testcase classname="qa.Test.LoginPageTestcase" name="sampleMethodForEnteringCredentials" time="12.681"/>
  <system-out/>
</testsuite> <!-- qa.Test.LoginPageTestcase -->
