<?xml version="1.0" encoding="UTF-8"?>
<!-- Generated by org.testng.reporters.JUnitReportReporter -->
<testsuite hostname="Nilisha" failures="0" tests="1" name="qa.Test.Testcase1" time="13.783" errors="0" timestamp="2023-06-02T10:51:42 IST" skipped="0">
  <testcase classname="qa.Test.Testcase1" name="sampleMethodForEnteringCredentials" time="13.783"/>
  <system-out/>
</testsuite> <!-- qa.Test.Testcase1 -->
