<?xml version="1.0" encoding="UTF-8"?>
<!-- Generated by org.testng.reporters.JUnitReportReporter -->
<testsuite hostname="Nilisha" failures="0" tests="1" name="com.jobportal.test.EmployerLoginTests" time="18.587" errors="0" timestamp="2023-05-18T12:13:31 IST" skipped="0">
  <testcase classname="com.jobportal.test.EmployerLoginTests" name="beforemethod" time="18.587"/>
  <system-out/>
</testsuite> <!-- com.jobportal.test.EmployerLoginTests -->
